  Copying New Files to Bin
  pch.cpp
  BaseGame.cpp
  BaseLevel.cpp
  BaseMenu.cpp
  AccountHelpers.cpp
  Authentication.cpp
  EosUI.cpp
  Friends.cpp
  Metrics.cpp
  Platform.cpp
  Player.cpp
  Users.cpp
  Console.cpp
  AnimatedTexture.cpp
  AssetUtils.cpp
  AuthDialogs.cpp
  Button.cpp
  Checkbox.cpp
  ConsoleDialog.cpp
  Dialog.cpp
  DropDownList.cpp
  コードを生成中...
  コンパイル中...
  ExitDialog.cpp
  Font.cpp
  FriendInfo.cpp
  FriendList.cpp
  FriendsDialog.cpp
  PopupDialog.cpp
  ProgressBar.cpp
  Scroller.cpp
  SDLTTF.cpp
  SelectableStringViewListEntry.cpp
  Sprite.cpp
  StringViewListEntry.cpp
  TableRowView.cpp
  TextEditor.cpp
  TextField.cpp
  TextLabel.cpp
  Texture.cpp
  TextureManager.cpp
  TextView.cpp
  Widget.cpp
  コードを生成中...
  コンパイル中...
  Model.cpp
  SDLSpriteBatch.cpp
  VectorRender.cpp
  Input.cpp
  SDLInput.cpp
  Main.cpp
  SDLMain.cpp
  DeviceResources.cpp
  WinMain.cpp
  Vector2.cpp
  Vector3.cpp
  CommandLine.cpp
  DebugLog.cpp
  Settings.cpp
  StringUtils.cpp
  Utils.cpp
  Game.cpp
  LobbyInviteReceivedDialog.cpp
  LobbyMemberTableRowView.cpp
  LobbySearchResultTableRowView.cpp
  コードを生成中...
  コンパイル中...
  Menu.cpp
  Lobbies.cpp
  LobbiesDialog.cpp
  NewLobbyDialog.cpp
  コードを生成中...
     ライブラリ Bin\Win64\Debug_DX\Lobbies.lib とオブジェクト Bin\Win64\Debug_DX\Lobbies.exp を作成中
DirectXTK.lib(BasicEffect.obj) : warning LNK4099: PDB 'DirectXTK.pdb' が 'DirectXTK.lib(BasicEffect.obj)' で、または 'C:\Users\student\Desktop\Epic周り\EOS-SDK-47370208-Release-v1.18.1.2\Samples\Lobbies\Bin\Win64\Debug_DX\DirectXTK.pdb' に見つかりません。デバッグ情報がないものとして、オブジェクトにリンクします。
DirectXTK.lib(CommonStates.obj) : warning LNK4099: PDB 'DirectXTK.pdb' が 'DirectXTK.lib(CommonStates.obj)' で、または 'C:\Users\student\Desktop\Epic周り\EOS-SDK-47370208-Release-v1.18.1.2\Samples\Lobbies\Bin\Win64\Debug_DX\DirectXTK.pdb' に見つかりません。デバッグ情報がないものとして、オブジェクトにリンクします。
DirectXTK.lib(DDSTextureLoader.obj) : warning LNK4099: PDB 'DirectXTK.pdb' が 'DirectXTK.lib(DDSTextureLoader.obj)' で、または 'C:\Users\student\Desktop\Epic周り\EOS-SDK-47370208-Release-v1.18.1.2\Samples\Lobbies\Bin\Win64\Debug_DX\DirectXTK.pdb' に見つかりません。デバッグ情報がないものとして、オブジェクトにリンクします。
DirectXTK.lib(BinaryReader.obj) : warning LNK4099: PDB 'DirectXTK.pdb' が 'DirectXTK.lib(BinaryReader.obj)' で、または 'C:\Users\student\Desktop\Epic周り\EOS-SDK-47370208-Release-v1.18.1.2\Samples\Lobbies\Bin\Win64\Debug_DX\DirectXTK.pdb' に見つかりません。デバッグ情報がないものとして、オブジェクトにリンクします。
DirectXTK.lib(EffectCommon.obj) : warning LNK4099: PDB 'DirectXTK.pdb' が 'DirectXTK.lib(EffectCommon.obj)' で、または 'C:\Users\student\Desktop\Epic周り\EOS-SDK-47370208-Release-v1.18.1.2\Samples\Lobbies\Bin\Win64\Debug_DX\DirectXTK.pdb' に見つかりません。デバッグ情報がないものとして、オブジェクトにリンクします。
DirectXTK.lib(GamePad.obj) : warning LNK4099: PDB 'DirectXTK.pdb' が 'DirectXTK.lib(GamePad.obj)' で、または 'C:\Users\student\Desktop\Epic周り\EOS-SDK-47370208-Release-v1.18.1.2\Samples\Lobbies\Bin\Win64\Debug_DX\DirectXTK.pdb' に見つかりません。デバッグ情報がないものとして、オブジェクトにリンクします。
DirectXTK.lib(GeometricPrimitive.obj) : warning LNK4099: PDB 'DirectXTK.pdb' が 'DirectXTK.lib(GeometricPrimitive.obj)' で、または 'C:\Users\student\Desktop\Epic周り\EOS-SDK-47370208-Release-v1.18.1.2\Samples\Lobbies\Bin\Win64\Debug_DX\DirectXTK.pdb' に見つかりません。デバッグ情報がないものとして、オブジェクトにリンクします。
DirectXTK.lib(Geometry.obj) : warning LNK4099: PDB 'DirectXTK.pdb' が 'DirectXTK.lib(Geometry.obj)' で、または 'C:\Users\student\Desktop\Epic周り\EOS-SDK-47370208-Release-v1.18.1.2\Samples\Lobbies\Bin\Win64\Debug_DX\DirectXTK.pdb' に見つかりません。デバッグ情報がないものとして、オブジェクトにリンクします。
DirectXTK.lib(Keyboard.obj) : warning LNK4099: PDB 'DirectXTK.pdb' が 'DirectXTK.lib(Keyboard.obj)' で、または 'C:\Users\student\Desktop\Epic周り\EOS-SDK-47370208-Release-v1.18.1.2\Samples\Lobbies\Bin\Win64\Debug_DX\DirectXTK.pdb' に見つかりません。デバッグ情報がないものとして、オブジェクトにリンクします。
DirectXTK.lib(Mouse.obj) : warning LNK4099: PDB 'DirectXTK.pdb' が 'DirectXTK.lib(Mouse.obj)' で、または 'C:\Users\student\Desktop\Epic周り\EOS-SDK-47370208-Release-v1.18.1.2\Samples\Lobbies\Bin\Win64\Debug_DX\DirectXTK.pdb' に見つかりません。デバッグ情報がないものとして、オブジェクトにリンクします。
DirectXTK.lib(pch.obj) : warning LNK4099: PDB 'DirectXTK.pdb' が 'DirectXTK.lib(pch.obj)' で、または 'C:\Users\student\Desktop\Epic周り\EOS-SDK-47370208-Release-v1.18.1.2\Samples\Lobbies\Bin\Win64\Debug_DX\DirectXTK.pdb' に見つかりません。デバッグ情報がないものとして、オブジェクトにリンクします。
DirectXTK.lib(SpriteBatch.obj) : warning LNK4099: PDB 'DirectXTK.pdb' が 'DirectXTK.lib(SpriteBatch.obj)' で、または 'C:\Users\student\Desktop\Epic周り\EOS-SDK-47370208-Release-v1.18.1.2\Samples\Lobbies\Bin\Win64\Debug_DX\DirectXTK.pdb' に見つかりません。デバッグ情報がないものとして、オブジェクトにリンクします。
DirectXTK.lib(PrimitiveBatch.obj) : warning LNK4099: PDB 'DirectXTK.pdb' が 'DirectXTK.lib(PrimitiveBatch.obj)' で、または 'C:\Users\student\Desktop\Epic周り\EOS-SDK-47370208-Release-v1.18.1.2\Samples\Lobbies\Bin\Win64\Debug_DX\DirectXTK.pdb' に見つかりません。デバッグ情報がないものとして、オブジェクトにリンクします。
DirectXTK.lib(SpriteFont.obj) : warning LNK4099: PDB 'DirectXTK.pdb' が 'DirectXTK.lib(SpriteFont.obj)' で、または 'C:\Users\student\Desktop\Epic周り\EOS-SDK-47370208-Release-v1.18.1.2\Samples\Lobbies\Bin\Win64\Debug_DX\DirectXTK.pdb' に見つかりません。デバッグ情報がないものとして、オブジェクトにリンクします。
DirectXTK.lib(VertexTypes.obj) : warning LNK4099: PDB 'DirectXTK.pdb' が 'DirectXTK.lib(VertexTypes.obj)' で、または 'C:\Users\student\Desktop\Epic周り\EOS-SDK-47370208-Release-v1.18.1.2\Samples\Lobbies\Bin\Win64\Debug_DX\DirectXTK.pdb' に見つかりません。デバッグ情報がないものとして、オブジェクトにリンクします。
  Lobbies.vcxproj -> C:\Users\student\Desktop\Epic周り\EOS-SDK-47370208-Release-v1.18.1.2\Samples\Lobbies\Bin\Win64\Debug_DX\Lobbies.exe
